<?xml version="1.0" encoding="UTF-8" ?>
<testsuite tests="5" failures="0" name="de.thorstenweiskopf.domxmlparser.test.TestParser" time="0.359" errors="0" skipped="0">
  <properties>
[...]
</properties>
  <testcase classname="de.thorstenweiskopf.domxmlparser.test.TestParser" name="testSetStringSrc" time="0.063"/>
  <testcase classname="de.thorstenweiskopf.domxmlparser.test.TestParser" name="testGetAllNickNamesFromCompanyOne" time="0"/>
  <testcase classname="de.thorstenweiskopf.domxmlparser.test.TestParser" name="testGetAllNickNames" time="0"/>
  <testcase classname="de.thorstenweiskopf.domxmlparser.test.TestParser" name="testSetFileNotAvailableSrc" time="0"/>
  <testcase classname="de.thorstenweiskopf.domxmlparser.test.TestParser" name="testSetFileSrc" time="0.094"/>
</testsuite>